2025-11-04 21:52:50.750 +05:30 [INF] Saved 2 entities to in-memory store.
2025-11-04 21:53:35.435 +05:30 [INF] Now listening on: https://localhost:7281
2025-11-04 21:53:35.437 +05:30 [INF] Now listening on: http://localhost:5056
2025-11-04 21:53:35.502 +05:30 [INF] Application started. Press Ctrl+C to shut down.
2025-11-04 21:53:35.503 +05:30 [INF] Hosting environment: Development
2025-11-04 21:53:35.505 +05:30 [INF] Content root path: C:\Users\PabbathiGovardhanKum\source\repos\EmployeeManagement\EmployeeManagement.Api
2025-11-04 22:00:06.291 +05:30 [INF] Saved 2 entities to in-memory store.
2025-11-04 22:00:06.595 +05:30 [INF] Now listening on: https://localhost:7281
2025-11-04 22:00:06.597 +05:30 [INF] Now listening on: http://localhost:5056
2025-11-04 22:00:06.660 +05:30 [INF] Application started. Press Ctrl+C to shut down.
2025-11-04 22:00:06.663 +05:30 [INF] Hosting environment: Development
2025-11-04 22:00:06.664 +05:30 [INF] Content root path: C:\Users\PabbathiGovardhanKum\source\repos\EmployeeManagement\EmployeeManagement.Api
2025-11-04 22:03:26.056 +05:30 [INF] Saved 2 entities to in-memory store.
2025-11-04 22:03:26.327 +05:30 [INF] Now listening on: http://localhost:5056
2025-11-04 22:03:26.392 +05:30 [INF] Application started. Press Ctrl+C to shut down.
2025-11-04 22:03:26.394 +05:30 [INF] Hosting environment: Development
2025-11-04 22:03:26.395 +05:30 [INF] Content root path: C:\Users\PabbathiGovardhanKum\source\repos\EmployeeManagement\EmployeeManagement.Api
2025-11-04 22:04:27.610 +05:30 [INF] Request starting HTTP/1.1 GET http://localhost:5056/ - null null
2025-11-04 22:04:27.839 +05:30 [WRN] Failed to determine the https port for redirect.
2025-11-04 22:04:27.871 +05:30 [INF] Request finished HTTP/1.1 GET http://localhost:5056/ - 404 0 null 271.1845ms
2025-11-04 22:04:27.890 +05:30 [INF] Request reached the end of the middleware pipeline without being handled by application code. Request path: GET http://localhost:5056/, Response status code: 404
2025-11-04 22:04:50.252 +05:30 [INF] Request starting HTTP/1.1 GET http://localhost:5056/ - null null
2025-11-04 22:04:50.264 +05:30 [INF] Request finished HTTP/1.1 GET http://localhost:5056/ - 404 0 null 13.1829ms
2025-11-04 22:04:50.270 +05:30 [INF] Request reached the end of the middleware pipeline without being handled by application code. Request path: GET http://localhost:5056/, Response status code: 404
2025-11-04 22:38:18.825 +05:30 [INF] Saved 2 entities to in-memory store.
2025-11-04 22:38:19.297 +05:30 [INF] Now listening on: http://localhost:5001
2025-11-04 22:38:19.400 +05:30 [INF] Application started. Press Ctrl+C to shut down.
2025-11-04 22:38:19.403 +05:30 [INF] Hosting environment: Development
2025-11-04 22:38:19.405 +05:30 [INF] Content root path: C:\Users\PabbathiGovardhanKum\source\repos\EmployeeManagement\EmployeeManagement.Api
2025-11-04 22:39:17.926 +05:30 [INF] Saved 2 entities to in-memory store.
2025-11-04 22:39:18.352 +05:30 [INF] Now listening on: http://localhost:5001
2025-11-04 22:39:18.482 +05:30 [INF] Application started. Press Ctrl+C to shut down.
2025-11-04 22:39:18.484 +05:30 [INF] Hosting environment: Development
2025-11-04 22:39:18.485 +05:30 [INF] Content root path: C:\Users\PabbathiGovardhanKum\source\repos\EmployeeManagement\EmployeeManagement.Api
2025-11-04 22:40:35.279 +05:30 [INF] Saved 2 entities to in-memory store.
2025-11-04 22:40:35.733 +05:30 [INF] Now listening on: http://localhost:5001
2025-11-04 22:40:35.845 +05:30 [INF] Application started. Press Ctrl+C to shut down.
2025-11-04 22:40:35.847 +05:30 [INF] Hosting environment: Development
2025-11-04 22:40:35.849 +05:30 [INF] Content root path: C:\Users\PabbathiGovardhanKum\source\repos\EmployeeManagement\EmployeeManagement.Api
2025-11-04 22:41:04.318 +05:30 [INF] Saved 2 entities to in-memory store.
2025-11-04 22:41:04.456 +05:30 [INF] Now listening on: http://localhost:5001
2025-11-04 22:41:04.539 +05:30 [INF] Application started. Press Ctrl+C to shut down.
2025-11-04 22:41:04.543 +05:30 [INF] Hosting environment: Development
2025-11-04 22:41:04.546 +05:30 [INF] Content root path: C:\Users\PabbathiGovardhanKum\source\repos\EmployeeManagement\EmployeeManagement.Api
2025-11-04 22:41:16.897 +05:30 [INF] Request starting HTTP/1.1 GET http://localhost:5001/ - null null
2025-11-04 22:41:17.123 +05:30 [WRN] Failed to determine the https port for redirect.
2025-11-04 22:41:17.139 +05:30 [INF] Request finished HTTP/1.1 GET http://localhost:5001/ - 404 0 null 244.6152ms
2025-11-04 22:41:17.191 +05:30 [INF] Request reached the end of the middleware pipeline without being handled by application code. Request path: GET http://localhost:5001/, Response status code: 404
2025-11-04 22:41:21.228 +05:30 [INF] Saved 2 entities to in-memory store.
2025-11-04 22:41:21.657 +05:30 [INF] Now listening on: http://localhost:5001
2025-11-04 22:41:21.809 +05:30 [INF] Application started. Press Ctrl+C to shut down.
2025-11-04 22:41:21.816 +05:30 [INF] Hosting environment: Development
2025-11-04 22:41:21.819 +05:30 [INF] Content root path: C:\Users\PabbathiGovardhanKum\source\repos\EmployeeManagement\EmployeeManagement.Api
2025-11-04 22:48:18.773 +05:30 [INF] Saved 2 entities to in-memory store.
2025-11-04 22:48:19.297 +05:30 [INF] Now listening on: https://localhost:7281
2025-11-04 22:48:19.302 +05:30 [INF] Now listening on: http://localhost:5001
2025-11-04 22:48:19.407 +05:30 [INF] Application started. Press Ctrl+C to shut down.
2025-11-04 22:48:19.409 +05:30 [INF] Hosting environment: Development
2025-11-04 22:48:19.411 +05:30 [INF] Content root path: C:\Users\PabbathiGovardhanKum\source\repos\EmployeeManagement\EmployeeManagement.Api
2025-11-04 22:48:34.889 +05:30 [INF] Request starting HTTP/2 GET https://localhost:7281/ - null null
2025-11-04 22:48:35.209 +05:30 [INF] Request finished HTTP/2 GET https://localhost:7281/ - 404 0 null 330.3616ms
2025-11-04 22:48:35.228 +05:30 [INF] Request reached the end of the middleware pipeline without being handled by application code. Request path: GET https://localhost:7281/, Response status code: 404
2025-11-04 22:48:59.664 +05:30 [INF] Request starting HTTP/2 GET https://localhost:7281/api/employee - null null
2025-11-04 22:48:59.706 +05:30 [INF] Executing endpoint 'EmployeeManagement.Api.Controllers.EmployeeController.GetAll (EmployeeManagement.Api)'
2025-11-04 22:48:59.754 +05:30 [INF] Route matched with {action = "GetAll", controller = "Employee"}. Executing controller action with signature System.Threading.Tasks.Task`1[Microsoft.AspNetCore.Mvc.IActionResult] GetAll() on controller EmployeeManagement.Api.Controllers.EmployeeController (EmployeeManagement.Api).
2025-11-04 22:49:00.110 +05:30 [INF] Executing OkObjectResult, writing value of type 'System.Collections.Generic.List`1[[EmployeeManagement.Domain.Models.Employee, EmployeeManagement.Domain, Version=1.0.0.0, Culture=neutral, PublicKeyToken=null]]'.
2025-11-04 22:49:00.158 +05:30 [INF] Executed action EmployeeManagement.Api.Controllers.EmployeeController.GetAll (EmployeeManagement.Api) in 391.4592ms
2025-11-04 22:49:00.161 +05:30 [INF] Executed endpoint 'EmployeeManagement.Api.Controllers.EmployeeController.GetAll (EmployeeManagement.Api)'
2025-11-04 22:49:00.178 +05:30 [INF] Request finished HTTP/2 GET https://localhost:7281/api/employee - 200 null application/json; charset=utf-8 509.3087ms
2025-11-04 22:49:00.205 +05:30 [INF] Request starting HTTP/2 GET https://localhost:7281/favicon.ico - null null
2025-11-04 22:49:00.216 +05:30 [INF] Request finished HTTP/2 GET https://localhost:7281/favicon.ico - 404 0 null 10.7798ms
2025-11-04 22:49:00.226 +05:30 [INF] Request reached the end of the middleware pipeline without being handled by application code. Request path: GET https://localhost:7281/favicon.ico, Response status code: 404
2025-11-04 22:54:21.217 +05:30 [INF] Request starting HTTP/1.1 GET http://localhost:5001/api/Employee - null null
2025-11-04 22:54:21.251 +05:30 [INF] Request finished HTTP/1.1 GET http://localhost:5001/api/Employee - 307 0 null 34.7936ms
2025-11-04 22:54:21.256 +05:30 [INF] Request starting HTTP/2 GET https://localhost:7281/api/Employee - null null
2025-11-04 22:54:21.279 +05:30 [INF] Executing endpoint 'EmployeeManagement.Api.Controllers.EmployeeController.GetAll (EmployeeManagement.Api)'
2025-11-04 22:54:21.285 +05:30 [INF] Route matched with {action = "GetAll", controller = "Employee"}. Executing controller action with signature System.Threading.Tasks.Task`1[Microsoft.AspNetCore.Mvc.IActionResult] GetAll() on controller EmployeeManagement.Api.Controllers.EmployeeController (EmployeeManagement.Api).
2025-11-04 22:54:21.363 +05:30 [INF] Executing OkObjectResult, writing value of type 'System.Collections.Generic.List`1[[EmployeeManagement.Domain.Models.Employee, EmployeeManagement.Domain, Version=1.0.0.0, Culture=neutral, PublicKeyToken=null]]'.
2025-11-04 22:54:21.370 +05:30 [INF] Executed action EmployeeManagement.Api.Controllers.EmployeeController.GetAll (EmployeeManagement.Api) in 76.4709ms
2025-11-04 22:54:21.374 +05:30 [INF] Executed endpoint 'EmployeeManagement.Api.Controllers.EmployeeController.GetAll (EmployeeManagement.Api)'
2025-11-04 22:54:21.378 +05:30 [INF] Request finished HTTP/2 GET https://localhost:7281/api/Employee - 200 null application/json; charset=utf-8 121.919ms
2025-11-04 23:05:46.703 +05:30 [INF] Saved 2 entities to in-memory store.
2025-11-04 23:05:47.329 +05:30 [INF] Now listening on: https://localhost:7281
2025-11-04 23:05:47.337 +05:30 [INF] Now listening on: http://localhost:5001
2025-11-04 23:05:47.469 +05:30 [INF] Application started. Press Ctrl+C to shut down.
2025-11-04 23:05:47.472 +05:30 [INF] Hosting environment: Development
2025-11-04 23:05:47.474 +05:30 [INF] Content root path: C:\Users\PabbathiGovardhanKum\source\repos\EmployeeManagement\EmployeeManagement.Api
2025-11-04 23:05:50.695 +05:30 [INF] Request starting HTTP/2 GET https://localhost:7281/api/Employee - null null
2025-11-04 23:05:50.955 +05:30 [INF] Executing endpoint 'EmployeeManagement.Api.Controllers.EmployeeController.GetAll (EmployeeManagement.Api)'
2025-11-04 23:05:50.981 +05:30 [INF] Route matched with {action = "GetAll", controller = "Employee"}. Executing controller action with signature System.Threading.Tasks.Task`1[Microsoft.AspNetCore.Mvc.IActionResult] GetAll() on controller EmployeeManagement.Api.Controllers.EmployeeController (EmployeeManagement.Api).
2025-11-04 23:05:51.176 +05:30 [INF] Executing OkObjectResult, writing value of type 'System.Collections.Generic.List`1[[EmployeeManagement.Domain.Models.Employee, EmployeeManagement.Domain, Version=1.0.0.0, Culture=neutral, PublicKeyToken=null]]'.
2025-11-04 23:05:51.197 +05:30 [INF] Executed action EmployeeManagement.Api.Controllers.EmployeeController.GetAll (EmployeeManagement.Api) in 191.7178ms
2025-11-04 23:05:51.206 +05:30 [INF] Executed endpoint 'EmployeeManagement.Api.Controllers.EmployeeController.GetAll (EmployeeManagement.Api)'
2025-11-04 23:05:51.219 +05:30 [INF] Request finished HTTP/2 GET https://localhost:7281/api/Employee - 200 null application/json; charset=utf-8 531.5404ms
2025-11-04 23:06:27.855 +05:30 [INF] Request starting HTTP/2 GET https://localhost:7281/api/Employee - null null
2025-11-04 23:06:27.884 +05:30 [INF] Executing endpoint 'EmployeeManagement.Api.Controllers.EmployeeController.GetAll (EmployeeManagement.Api)'
2025-11-04 23:06:27.888 +05:30 [INF] Route matched with {action = "GetAll", controller = "Employee"}. Executing controller action with signature System.Threading.Tasks.Task`1[Microsoft.AspNetCore.Mvc.IActionResult] GetAll() on controller EmployeeManagement.Api.Controllers.EmployeeController (EmployeeManagement.Api).
2025-11-04 23:06:27.963 +05:30 [INF] Executing OkObjectResult, writing value of type 'System.Collections.Generic.List`1[[EmployeeManagement.Domain.Models.Employee, EmployeeManagement.Domain, Version=1.0.0.0, Culture=neutral, PublicKeyToken=null]]'.
2025-11-04 23:06:27.972 +05:30 [INF] Executed action EmployeeManagement.Api.Controllers.EmployeeController.GetAll (EmployeeManagement.Api) in 72.4244ms
2025-11-04 23:06:27.992 +05:30 [INF] Executed endpoint 'EmployeeManagement.Api.Controllers.EmployeeController.GetAll (EmployeeManagement.Api)'
2025-11-04 23:06:27.997 +05:30 [INF] Request finished HTTP/2 GET https://localhost:7281/api/Employee - 200 null application/json; charset=utf-8 143.0057ms
2025-11-04 23:06:46.812 +05:30 [INF] Request starting HTTP/2 GET https://localhost:7281/api/Employee - null null
2025-11-04 23:06:46.831 +05:30 [INF] Executing endpoint 'EmployeeManagement.Api.Controllers.EmployeeController.GetAll (EmployeeManagement.Api)'
2025-11-04 23:06:46.834 +05:30 [INF] Route matched with {action = "GetAll", controller = "Employee"}. Executing controller action with signature System.Threading.Tasks.Task`1[Microsoft.AspNetCore.Mvc.IActionResult] GetAll() on controller EmployeeManagement.Api.Controllers.EmployeeController (EmployeeManagement.Api).
2025-11-04 23:06:46.847 +05:30 [INF] Executing OkObjectResult, writing value of type 'System.Collections.Generic.List`1[[EmployeeManagement.Domain.Models.Employee, EmployeeManagement.Domain, Version=1.0.0.0, Culture=neutral, PublicKeyToken=null]]'.
2025-11-04 23:06:46.852 +05:30 [INF] Executed action EmployeeManagement.Api.Controllers.EmployeeController.GetAll (EmployeeManagement.Api) in 12.3161ms
2025-11-04 23:06:46.856 +05:30 [INF] Executed endpoint 'EmployeeManagement.Api.Controllers.EmployeeController.GetAll (EmployeeManagement.Api)'
2025-11-04 23:06:46.867 +05:30 [INF] Request finished HTTP/2 GET https://localhost:7281/api/Employee - 200 null application/json; charset=utf-8 54.5577ms
2025-11-04 23:06:52.890 +05:30 [INF] Request starting HTTP/2 GET https://localhost:7281/api/Employee - null null
2025-11-04 23:06:52.905 +05:30 [INF] Executing endpoint 'EmployeeManagement.Api.Controllers.EmployeeController.GetAll (EmployeeManagement.Api)'
2025-11-04 23:06:52.910 +05:30 [INF] Route matched with {action = "GetAll", controller = "Employee"}. Executing controller action with signature System.Threading.Tasks.Task`1[Microsoft.AspNetCore.Mvc.IActionResult] GetAll() on controller EmployeeManagement.Api.Controllers.EmployeeController (EmployeeManagement.Api).
2025-11-04 23:06:52.919 +05:30 [INF] Executing OkObjectResult, writing value of type 'System.Collections.Generic.List`1[[EmployeeManagement.Domain.Models.Employee, EmployeeManagement.Domain, Version=1.0.0.0, Culture=neutral, PublicKeyToken=null]]'.
2025-11-04 23:06:52.924 +05:30 [INF] Executed action EmployeeManagement.Api.Controllers.EmployeeController.GetAll (EmployeeManagement.Api) in 7.1796ms
2025-11-04 23:06:52.931 +05:30 [INF] Executed endpoint 'EmployeeManagement.Api.Controllers.EmployeeController.GetAll (EmployeeManagement.Api)'
2025-11-04 23:06:52.934 +05:30 [INF] Request finished HTTP/2 GET https://localhost:7281/api/Employee - 200 null application/json; charset=utf-8 43.5805ms
2025-11-04 23:06:52.957 +05:30 [INF] Request starting HTTP/2 GET https://localhost:7281/favicon.ico - null null
2025-11-04 23:06:52.966 +05:30 [INF] Request finished HTTP/2 GET https://localhost:7281/favicon.ico - 404 0 null 9.2879ms
2025-11-04 23:06:52.984 +05:30 [INF] Request reached the end of the middleware pipeline without being handled by application code. Request path: GET https://localhost:7281/favicon.ico, Response status code: 404
2025-11-04 23:07:21.998 +05:30 [INF] Saved 2 entities to in-memory store.
2025-11-04 23:07:22.542 +05:30 [INF] Now listening on: https://localhost:7281
2025-11-04 23:07:22.548 +05:30 [INF] Now listening on: http://localhost:5001
2025-11-04 23:07:22.651 +05:30 [INF] Application started. Press Ctrl+C to shut down.
2025-11-04 23:07:22.652 +05:30 [INF] Hosting environment: Development
2025-11-04 23:07:22.654 +05:30 [INF] Content root path: C:\Users\PabbathiGovardhanKum\source\repos\EmployeeManagement\EmployeeManagement.Api
2025-11-04 23:07:44.783 +05:30 [INF] Request starting HTTP/2 GET https://localhost:7281/api/employee - null null
2025-11-04 23:07:45.113 +05:30 [INF] Executing endpoint 'EmployeeManagement.Api.Controllers.EmployeeController.GetAll (EmployeeManagement.Api)'
2025-11-04 23:07:45.156 +05:30 [INF] Route matched with {action = "GetAll", controller = "Employee"}. Executing controller action with signature System.Threading.Tasks.Task`1[Microsoft.AspNetCore.Mvc.IActionResult] GetAll() on controller EmployeeManagement.Api.Controllers.EmployeeController (EmployeeManagement.Api).
2025-11-04 23:07:45.470 +05:30 [INF] Executing OkObjectResult, writing value of type 'System.Collections.Generic.List`1[[EmployeeManagement.Domain.Models.Employee, EmployeeManagement.Domain, Version=1.0.0.0, Culture=neutral, PublicKeyToken=null]]'.
2025-11-04 23:07:45.524 +05:30 [INF] Executed action EmployeeManagement.Api.Controllers.EmployeeController.GetAll (EmployeeManagement.Api) in 356.458ms
2025-11-04 23:07:45.531 +05:30 [INF] Executed endpoint 'EmployeeManagement.Api.Controllers.EmployeeController.GetAll (EmployeeManagement.Api)'
2025-11-04 23:07:45.546 +05:30 [INF] Request finished HTTP/2 GET https://localhost:7281/api/employee - 200 null application/json; charset=utf-8 777.1586ms
2025-11-04 23:09:13.846 +05:30 [INF] Saved 2 entities to in-memory store.
2025-11-04 23:09:14.423 +05:30 [INF] Now listening on: https://localhost:7281
2025-11-04 23:09:14.430 +05:30 [INF] Now listening on: http://localhost:5001
2025-11-04 23:09:14.542 +05:30 [INF] Application started. Press Ctrl+C to shut down.
2025-11-04 23:09:14.548 +05:30 [INF] Hosting environment: Development
2025-11-04 23:09:14.551 +05:30 [INF] Content root path: C:\Users\PabbathiGovardhanKum\source\repos\EmployeeManagement\EmployeeManagement.Api
2025-11-04 23:09:23.610 +05:30 [INF] Request starting HTTP/2 GET https://localhost:7281/api/employee - null null
2025-11-04 23:10:33.470 +05:30 [INF] ➡️ Handling GET /api/employee
2025-11-04 23:10:33.479 +05:30 [INF] Executing endpoint 'EmployeeManagement.Api.Controllers.EmployeeController.GetAll (EmployeeManagement.Api)'
2025-11-04 23:10:33.521 +05:30 [INF] Route matched with {action = "GetAll", controller = "Employee"}. Executing controller action with signature System.Threading.Tasks.Task`1[Microsoft.AspNetCore.Mvc.IActionResult] GetAll() on controller EmployeeManagement.Api.Controllers.EmployeeController (EmployeeManagement.Api).
2025-11-04 23:10:33.836 +05:30 [INF] Executing OkObjectResult, writing value of type 'System.Collections.Generic.List`1[[EmployeeManagement.Domain.Models.Employee, EmployeeManagement.Domain, Version=1.0.0.0, Culture=neutral, PublicKeyToken=null]]'.
2025-11-04 23:10:33.883 +05:30 [INF] Executed action EmployeeManagement.Api.Controllers.EmployeeController.GetAll (EmployeeManagement.Api) in 345.2335ms
2025-11-04 23:10:33.895 +05:30 [INF] Executed endpoint 'EmployeeManagement.Api.Controllers.EmployeeController.GetAll (EmployeeManagement.Api)'
2025-11-04 23:10:33.906 +05:30 [INF] Handled /api/employee in 424.9158 ms - 200
2025-11-04 23:10:33.915 +05:30 [INF] ✅ Completed GET /api/employee with 200 in 64712.904 ms
2025-11-04 23:10:33.933 +05:30 [INF] Request finished HTTP/2 GET https://localhost:7281/api/employee - 200 null application/json; charset=utf-8 70336.4949ms
2025-11-04 23:31:16.488 +05:30 [INF] Saved 2 entities to in-memory store.
