2025-11-05 12:02:15.425 +05:30 [INF] Saved 2 entities to in-memory store.
2025-11-05 12:07:40.390 +05:30 [INF] Saved 2 entities to in-memory store.
2025-11-05 12:07:40.587 +05:30 [INF] User profile is available. Using 'C:\Users\PabbathiGovardhanKum\AppData\Local\ASP.NET\DataProtection-Keys' as key repository and Windows DPAPI to encrypt keys at rest.
2025-11-05 12:07:40.609 +05:30 [INF] Creating key {bd622e75-2b89-4ec8-94da-1a43141f5184} with creation date 2025-11-05 06:37:40Z, activation date 2025-11-05 06:37:40Z, and expiration date 2026-02-03 06:37:40Z.
2025-11-05 12:07:40.640 +05:30 [INF] Writing data to file 'C:\Users\PabbathiGovardhanKum\AppData\Local\ASP.NET\DataProtection-Keys\key-bd622e75-2b89-4ec8-94da-1a43141f5184.xml'.
2025-11-05 12:07:40.881 +05:30 [INF] Now listening on: https://localhost:7281
2025-11-05 12:07:40.883 +05:30 [INF] Now listening on: http://localhost:5001
2025-11-05 12:07:40.949 +05:30 [INF] Application started. Press Ctrl+C to shut down.
2025-11-05 12:07:40.953 +05:30 [INF] Hosting environment: Development
2025-11-05 12:07:40.954 +05:30 [INF] Content root path: C:\Users\PabbathiGovardhanKum\source\repos\EmployeeManagement\EmployeeManagement.Api
2025-11-05 12:08:14.308 +05:30 [INF] Request starting HTTP/2 GET https://localhost:7281/api/Employee - null null
2025-11-05 12:08:22.048 +05:30 [INF] ➡️ Handling GET /api/Employee
2025-11-05 12:08:22.418 +05:30 [INF] Executing endpoint 'EmployeeManagement.Api.Controllers.EmployeeController.GetAll (EmployeeManagement.Api)'
2025-11-05 12:08:22.450 +05:30 [INF] Route matched with {action = "GetAll", controller = "Employee"}. Executing controller action with signature System.Threading.Tasks.Task`1[Microsoft.AspNetCore.Mvc.IActionResult] GetAll() on controller EmployeeManagement.Api.Controllers.EmployeeController (EmployeeManagement.Api).
2025-11-05 12:08:22.675 +05:30 [INF] Executing OkObjectResult, writing value of type 'System.Collections.Generic.List`1[[EmployeeManagement.Domain.Models.Employee, EmployeeManagement.Domain, Version=1.0.0.0, Culture=neutral, PublicKeyToken=null]]'.
2025-11-05 12:08:22.714 +05:30 [INF] Executed action EmployeeManagement.Api.Controllers.EmployeeController.GetAll (EmployeeManagement.Api) in 253.9006ms
2025-11-05 12:08:22.721 +05:30 [INF] Executed endpoint 'EmployeeManagement.Api.Controllers.EmployeeController.GetAll (EmployeeManagement.Api)'
2025-11-05 12:08:22.726 +05:30 [INF] Handled /api/Employee in 308.2085 ms - 200
2025-11-05 12:08:24.227 +05:30 [INF] ✅ Completed GET /api/Employee with 200 in 4830.482 ms
2025-11-05 12:08:26.991 +05:30 [INF] Request finished HTTP/2 GET https://localhost:7281/api/Employee - 200 null application/json; charset=utf-8 12691.781ms
2025-11-05 12:12:13.689 +05:30 [INF] Saved 2 entities to in-memory store.
2025-11-05 12:12:13.854 +05:30 [INF] User profile is available. Using 'C:\Users\PabbathiGovardhanKum\AppData\Local\ASP.NET\DataProtection-Keys' as key repository and Windows DPAPI to encrypt keys at rest.
2025-11-05 12:12:14.087 +05:30 [INF] Now listening on: https://localhost:7281
2025-11-05 12:12:14.090 +05:30 [INF] Now listening on: http://localhost:5001
2025-11-05 12:12:14.155 +05:30 [INF] Application started. Press Ctrl+C to shut down.
2025-11-05 12:12:14.157 +05:30 [INF] Hosting environment: Development
2025-11-05 12:12:14.159 +05:30 [INF] Content root path: C:\Users\PabbathiGovardhanKum\source\repos\EmployeeManagement\EmployeeManagement.Api
2025-11-05 12:13:40.625 +05:30 [INF] Request starting HTTP/2 GET https://localhost:7281/api/Employee - null null
2025-11-05 12:13:40.899 +05:30 [INF] Authorization failed. These requirements were not met:
DenyAnonymousAuthorizationRequirement: Requires an authenticated user.
2025-11-05 12:13:40.905 +05:30 [INF] AuthenticationScheme: Bearer was challenged.
2025-11-05 12:13:40.912 +05:30 [INF] Request finished HTTP/2 GET https://localhost:7281/api/Employee - 401 0 null 297.0106ms
2025-11-05 12:13:53.647 +05:30 [INF] Request starting HTTP/2 GET https://localhost:7281/api/Employee - null null
2025-11-05 12:13:53.660 +05:30 [INF] Authorization failed. These requirements were not met:
DenyAnonymousAuthorizationRequirement: Requires an authenticated user.
2025-11-05 12:13:53.663 +05:30 [INF] AuthenticationScheme: Bearer was challenged.
2025-11-05 12:13:53.665 +05:30 [INF] Request finished HTTP/2 GET https://localhost:7281/api/Employee - 401 0 null 18.1647ms
2025-11-05 12:15:18.057 +05:30 [INF] Request starting HTTP/1.1 POST https://localhost:7281/api/Auth/login - application/json 54
2025-11-05 12:15:23.785 +05:30 [INF] ➡️ Handling POST /api/Auth/login
2025-11-05 12:15:23.791 +05:30 [INF] Executing endpoint 'EmployeeManagement.Api.Controllers.AuthController.Login (EmployeeManagement.Api)'
2025-11-05 12:15:23.818 +05:30 [INF] Route matched with {action = "Login", controller = "Auth"}. Executing controller action with signature Microsoft.AspNetCore.Mvc.IActionResult Login(EmployeeManagement.Api.Models.UserLogin) on controller EmployeeManagement.Api.Controllers.AuthController (EmployeeManagement.Api).
2025-11-05 12:15:23.938 +05:30 [INF] ✅ User admin logged in successfully
2025-11-05 12:15:23.950 +05:30 [INF] Executing OkObjectResult, writing value of type '<>f__AnonymousType0`1[[System.String, System.Private.CoreLib, Version=9.0.0.0, Culture=neutral, PublicKeyToken=7cec85d7bea7798e]]'.
2025-11-05 12:15:23.968 +05:30 [INF] Executed action EmployeeManagement.Api.Controllers.AuthController.Login (EmployeeManagement.Api) in 142.1145ms
2025-11-05 12:15:23.972 +05:30 [INF] Executed endpoint 'EmployeeManagement.Api.Controllers.AuthController.Login (EmployeeManagement.Api)'
2025-11-05 12:15:23.976 +05:30 [INF] Handled /api/Auth/login in 184.4018 ms - 200
2025-11-05 12:15:23.980 +05:30 [INF] ✅ Completed POST /api/Auth/login with 200 in 2013.899 ms
2025-11-05 12:15:23.983 +05:30 [INF] Request finished HTTP/1.1 POST https://localhost:7281/api/Auth/login - 200 null application/json; charset=utf-8 5926.4508ms
2025-11-05 12:24:11.004 +05:30 [INF] Saved 2 entities to in-memory store.
2025-11-05 12:24:11.167 +05:30 [INF] User profile is available. Using 'C:\Users\PabbathiGovardhanKum\AppData\Local\ASP.NET\DataProtection-Keys' as key repository and Windows DPAPI to encrypt keys at rest.
2025-11-05 12:24:11.393 +05:30 [INF] Now listening on: https://localhost:7281
2025-11-05 12:24:11.395 +05:30 [INF] Now listening on: http://localhost:5056
2025-11-05 12:24:11.469 +05:30 [INF] Application started. Press Ctrl+C to shut down.
2025-11-05 12:24:11.472 +05:30 [INF] Hosting environment: Development
2025-11-05 12:24:11.474 +05:30 [INF] Content root path: C:\Users\PabbathiGovardhanKum\source\repos\EmployeeManagement\EmployeeManagement.Api
2025-11-05 12:29:44.539 +05:30 [INF] Request starting HTTP/1.1 GET https://localhost:7281/api/Employee - null null
2025-11-05 12:29:48.581 +05:30 [INF] ➡️ Handling GET /api/Employee
2025-11-05 12:29:48.589 +05:30 [INF] Executing endpoint 'EmployeeManagement.Api.Controllers.EmployeeController.GetAll (EmployeeManagement.Api)'
2025-11-05 12:29:48.616 +05:30 [INF] Route matched with {action = "GetAll", controller = "Employee"}. Executing controller action with signature System.Threading.Tasks.Task`1[Microsoft.AspNetCore.Mvc.IActionResult] GetAll() on controller EmployeeManagement.Api.Controllers.EmployeeController (EmployeeManagement.Api).
2025-11-05 12:29:48.827 +05:30 [INF] Executing OkObjectResult, writing value of type 'System.Collections.Generic.List`1[[EmployeeManagement.Domain.Models.Employee, EmployeeManagement.Domain, Version=1.0.0.0, Culture=neutral, PublicKeyToken=null]]'.
2025-11-05 12:29:48.872 +05:30 [INF] Executed action EmployeeManagement.Api.Controllers.EmployeeController.GetAll (EmployeeManagement.Api) in 247.5252ms
2025-11-05 12:29:48.881 +05:30 [INF] Executed endpoint 'EmployeeManagement.Api.Controllers.EmployeeController.GetAll (EmployeeManagement.Api)'
2025-11-05 12:29:48.885 +05:30 [INF] Handled /api/Employee in 295.9057 ms - 200
2025-11-05 12:29:48.889 +05:30 [INF] ✅ Completed GET /api/Employee with 200 in 1161.184 ms
2025-11-05 12:29:48.900 +05:30 [INF] Request finished HTTP/1.1 GET https://localhost:7281/api/Employee - 200 null application/json; charset=utf-8 4367.3735ms
2025-11-05 12:30:07.815 +05:30 [INF] Request starting HTTP/1.1 GET https://localhost:7281/api/Employee - null null
2025-11-05 12:30:07.829 +05:30 [INF] Failed to validate the token.
System.ArgumentException: IDX14102: Unable to decode the header '[PII of type 'Microsoft.IdentityModel.Logging.SecurityArtifact' is hidden. For more details, see https://aka.ms/IdentityModel/PII.]' as Base64Url encoded string.
 ---> System.FormatException: IDX10400: Unable to decode: '[PII of type 'System.String' is hidden. For more details, see https://aka.ms/IdentityModel/PII.]' as Base64url encoded string.
   at Microsoft.IdentityModel.Tokens.Base64UrlEncoder.Decode(ReadOnlySpan`1 strSpan, Span`1 output)
   at Microsoft.IdentityModel.JsonWebTokens.JsonWebToken.CreateClaimSet(ReadOnlySpan`1 strSpan, Int32 startIndex, Int32 length, Boolean createHeaderClaimSet)
   at Microsoft.IdentityModel.JsonWebTokens.JsonWebToken.ReadToken(ReadOnlyMemory`1 encodedTokenMemory)
   --- End of inner exception stack trace ---
   at Microsoft.IdentityModel.JsonWebTokens.JsonWebToken.ReadToken(ReadOnlyMemory`1 encodedTokenMemory)
   at Microsoft.IdentityModel.JsonWebTokens.JsonWebToken..ctor(String jwtEncodedString, TryReadJwtClaim tryReadJwtClaim)
   at Microsoft.IdentityModel.JsonWebTokens.JsonWebTokenHandler.ReadToken(String token, TokenValidationParameters validationParameters)
2025-11-05 12:30:07.864 +05:30 [INF] Bearer was not authenticated. Failure message: IDX14102: Unable to decode the header '[PII of type 'Microsoft.IdentityModel.Logging.SecurityArtifact' is hidden. For more details, see https://aka.ms/IdentityModel/PII.]' as Base64Url encoded string.
2025-11-05 12:30:07.868 +05:30 [INF] Authorization failed. These requirements were not met:
DenyAnonymousAuthorizationRequirement: Requires an authenticated user.
2025-11-05 12:30:07.877 +05:30 [INF] AuthenticationScheme: Bearer was challenged.
2025-11-05 12:30:07.880 +05:30 [INF] Request finished HTTP/1.1 GET https://localhost:7281/api/Employee - 401 0 null 65.1313ms
2025-11-05 12:30:15.849 +05:30 [INF] Request starting HTTP/1.1 GET https://localhost:7281/api/Employee - null null
2025-11-05 12:30:19.580 +05:30 [INF] ➡️ Handling GET /api/Employee
2025-11-05 12:30:19.585 +05:30 [INF] Executing endpoint 'EmployeeManagement.Api.Controllers.EmployeeController.GetAll (EmployeeManagement.Api)'
2025-11-05 12:30:19.588 +05:30 [INF] Route matched with {action = "GetAll", controller = "Employee"}. Executing controller action with signature System.Threading.Tasks.Task`1[Microsoft.AspNetCore.Mvc.IActionResult] GetAll() on controller EmployeeManagement.Api.Controllers.EmployeeController (EmployeeManagement.Api).
2025-11-05 12:30:19.637 +05:30 [INF] Executing OkObjectResult, writing value of type 'System.Collections.Generic.List`1[[EmployeeManagement.Domain.Models.Employee, EmployeeManagement.Domain, Version=1.0.0.0, Culture=neutral, PublicKeyToken=null]]'.
2025-11-05 12:30:19.640 +05:30 [INF] Executed action EmployeeManagement.Api.Controllers.EmployeeController.GetAll (EmployeeManagement.Api) in 50.3359ms
2025-11-05 12:30:19.641 +05:30 [INF] Executed endpoint 'EmployeeManagement.Api.Controllers.EmployeeController.GetAll (EmployeeManagement.Api)'
2025-11-05 12:30:19.643 +05:30 [INF] Handled /api/Employee in 57.5290 ms - 200
2025-11-05 12:30:19.644 +05:30 [INF] ✅ Completed GET /api/Employee with 200 in 1010.175 ms
2025-11-05 12:30:19.647 +05:30 [INF] Request finished HTTP/1.1 GET https://localhost:7281/api/Employee - 200 null application/json; charset=utf-8 3797.7858ms
2025-11-05 12:30:55.774 +05:30 [INF] Request starting HTTP/1.1 POST https://localhost:7281/api/Employee - application/json 125
2025-11-05 12:31:01.361 +05:30 [INF] ➡️ Handling POST /api/Employee
2025-11-05 12:31:01.367 +05:30 [INF] Executing endpoint 'EmployeeManagement.Api.Controllers.EmployeeController.Create (EmployeeManagement.Api)'
2025-11-05 12:31:01.379 +05:30 [INF] Route matched with {action = "Create", controller = "Employee"}. Executing controller action with signature System.Threading.Tasks.Task`1[Microsoft.AspNetCore.Mvc.IActionResult] Create(EmployeeManagement.Api.Controllers.CreateEmployeeDto) on controller EmployeeManagement.Api.Controllers.EmployeeController (EmployeeManagement.Api).
2025-11-05 12:31:01.476 +05:30 [INF] Saved 1 entities to in-memory store.
2025-11-05 12:31:01.486 +05:30 [INF] Executing CreatedAtActionResult, writing value of type 'EmployeeManagement.Domain.Models.Employee'.
2025-11-05 12:31:01.513 +05:30 [INF] Executed action EmployeeManagement.Api.Controllers.EmployeeController.Create (EmployeeManagement.Api) in 127.72ms
2025-11-05 12:31:01.516 +05:30 [INF] Executed endpoint 'EmployeeManagement.Api.Controllers.EmployeeController.Create (EmployeeManagement.Api)'
2025-11-05 12:31:01.519 +05:30 [INF] Handled /api/Employee in 152.4883 ms - 201
2025-11-05 12:31:01.522 +05:30 [INF] ✅ Completed POST /api/Employee with 201 in 4202.670 ms
2025-11-05 12:31:01.524 +05:30 [INF] Request finished HTTP/1.1 POST https://localhost:7281/api/Employee - 201 null application/json; charset=utf-8 5749.5861ms
2025-11-05 12:31:47.023 +05:30 [INF] Request starting HTTP/1.1 PUT https://localhost:7281/api/Employee/3e450892-00ec-425b-9163-b60563a1bab9 - application/json 44
2025-11-05 12:31:47.027 +05:30 [INF] ➡️ Handling PUT /api/Employee/3e450892-00ec-425b-9163-b60563a1bab9
2025-11-05 12:31:47.029 +05:30 [INF] Executing endpoint 'EmployeeManagement.Api.Controllers.EmployeeController.Update (EmployeeManagement.Api)'
2025-11-05 12:31:47.038 +05:30 [INF] Route matched with {action = "Update", controller = "Employee"}. Executing controller action with signature System.Threading.Tasks.Task`1[Microsoft.AspNetCore.Mvc.IActionResult] Update(System.Guid, EmployeeManagement.Api.Controllers.UpdateEmployeeDto) on controller EmployeeManagement.Api.Controllers.EmployeeController (EmployeeManagement.Api).
2025-11-05 12:31:47.160 +05:30 [INF] Saved 1 entities to in-memory store.
2025-11-05 12:31:47.163 +05:30 [INF] Executing OkObjectResult, writing value of type 'EmployeeManagement.Domain.Models.Employee'.
2025-11-05 12:31:47.166 +05:30 [INF] Executed action EmployeeManagement.Api.Controllers.EmployeeController.Update (EmployeeManagement.Api) in 125.7685ms
2025-11-05 12:31:47.167 +05:30 [INF] Executed endpoint 'EmployeeManagement.Api.Controllers.EmployeeController.Update (EmployeeManagement.Api)'
2025-11-05 12:31:47.169 +05:30 [INF] Handled /api/Employee/3e450892-00ec-425b-9163-b60563a1bab9 in 140.3056 ms - 200
2025-11-05 12:31:47.172 +05:30 [INF] ✅ Completed PUT /api/Employee/3e450892-00ec-425b-9163-b60563a1bab9 with 200 in 144.419 ms
2025-11-05 12:31:47.174 +05:30 [INF] Request finished HTTP/1.1 PUT https://localhost:7281/api/Employee/3e450892-00ec-425b-9163-b60563a1bab9 - 200 null application/json; charset=utf-8 183.6845ms
2025-11-05 12:31:58.222 +05:30 [INF] Request starting HTTP/1.1 PUT https://localhost:7281/api/Employee/3e450892-00ec-425b-9163-b60563a1bab9 - application/json 43
2025-11-05 12:31:58.226 +05:30 [INF] ➡️ Handling PUT /api/Employee/3e450892-00ec-425b-9163-b60563a1bab9
2025-11-05 12:31:58.228 +05:30 [INF] Executing endpoint 'EmployeeManagement.Api.Controllers.EmployeeController.Update (EmployeeManagement.Api)'
2025-11-05 12:31:58.229 +05:30 [INF] Route matched with {action = "Update", controller = "Employee"}. Executing controller action with signature System.Threading.Tasks.Task`1[Microsoft.AspNetCore.Mvc.IActionResult] Update(System.Guid, EmployeeManagement.Api.Controllers.UpdateEmployeeDto) on controller EmployeeManagement.Api.Controllers.EmployeeController (EmployeeManagement.Api).
2025-11-05 12:31:58.237 +05:30 [INF] Saved 1 entities to in-memory store.
2025-11-05 12:31:58.239 +05:30 [INF] Executing OkObjectResult, writing value of type 'EmployeeManagement.Domain.Models.Employee'.
2025-11-05 12:31:58.243 +05:30 [INF] Executed action EmployeeManagement.Api.Controllers.EmployeeController.Update (EmployeeManagement.Api) in 11.2656ms
2025-11-05 12:31:58.246 +05:30 [INF] Executed endpoint 'EmployeeManagement.Api.Controllers.EmployeeController.Update (EmployeeManagement.Api)'
2025-11-05 12:31:58.247 +05:30 [INF] Handled /api/Employee/3e450892-00ec-425b-9163-b60563a1bab9 in 19.5066 ms - 200
2025-11-05 12:31:58.249 +05:30 [INF] ✅ Completed PUT /api/Employee/3e450892-00ec-425b-9163-b60563a1bab9 with 200 in 23.155 ms
2025-11-05 12:31:58.253 +05:30 [INF] Request finished HTTP/1.1 PUT https://localhost:7281/api/Employee/3e450892-00ec-425b-9163-b60563a1bab9 - 200 null application/json; charset=utf-8 30.6722ms
2025-11-05 12:32:06.577 +05:30 [INF] Request starting HTTP/1.1 PUT https://localhost:7281/api/Employee/3e450892-00ec-425b-9163-b60563a1bab9 - application/json 44
2025-11-05 12:32:06.581 +05:30 [INF] ➡️ Handling PUT /api/Employee/3e450892-00ec-425b-9163-b60563a1bab9
2025-11-05 12:32:06.583 +05:30 [INF] Executing endpoint 'EmployeeManagement.Api.Controllers.EmployeeController.Update (EmployeeManagement.Api)'
2025-11-05 12:32:06.585 +05:30 [INF] Route matched with {action = "Update", controller = "Employee"}. Executing controller action with signature System.Threading.Tasks.Task`1[Microsoft.AspNetCore.Mvc.IActionResult] Update(System.Guid, EmployeeManagement.Api.Controllers.UpdateEmployeeDto) on controller EmployeeManagement.Api.Controllers.EmployeeController (EmployeeManagement.Api).
2025-11-05 12:32:06.590 +05:30 [INF] Saved 1 entities to in-memory store.
2025-11-05 12:32:06.593 +05:30 [INF] Executing OkObjectResult, writing value of type 'EmployeeManagement.Domain.Models.Employee'.
2025-11-05 12:32:06.595 +05:30 [INF] Executed action EmployeeManagement.Api.Controllers.EmployeeController.Update (EmployeeManagement.Api) in 6.6909ms
2025-11-05 12:32:06.597 +05:30 [INF] Executed endpoint 'EmployeeManagement.Api.Controllers.EmployeeController.Update (EmployeeManagement.Api)'
2025-11-05 12:32:06.599 +05:30 [INF] Handled /api/Employee/3e450892-00ec-425b-9163-b60563a1bab9 in 15.6115 ms - 200
2025-11-05 12:32:06.601 +05:30 [INF] ✅ Completed PUT /api/Employee/3e450892-00ec-425b-9163-b60563a1bab9 with 200 in 19.767 ms
2025-11-05 12:32:06.605 +05:30 [INF] Request finished HTTP/1.1 PUT https://localhost:7281/api/Employee/3e450892-00ec-425b-9163-b60563a1bab9 - 200 null application/json; charset=utf-8 27.8251ms
2025-11-05 12:32:37.503 +05:30 [INF] Request starting HTTP/1.1 DELETE https://localhost:7281/api/Employee/3e450892-00ec-425b-9163-b60563a1bab9 - null null
2025-11-05 12:32:37.507 +05:30 [INF] ➡️ Handling DELETE /api/Employee/3e450892-00ec-425b-9163-b60563a1bab9
2025-11-05 12:32:37.508 +05:30 [INF] Executing endpoint 'EmployeeManagement.Api.Controllers.EmployeeController.Delete (EmployeeManagement.Api)'
2025-11-05 12:32:37.513 +05:30 [INF] Route matched with {action = "Delete", controller = "Employee"}. Executing controller action with signature System.Threading.Tasks.Task`1[Microsoft.AspNetCore.Mvc.IActionResult] Delete(System.Guid) on controller EmployeeManagement.Api.Controllers.EmployeeController (EmployeeManagement.Api).
2025-11-05 12:32:37.542 +05:30 [INF] Saved 1 entities to in-memory store.
2025-11-05 12:32:37.547 +05:30 [INF] Executing StatusCodeResult, setting HTTP status code 204
2025-11-05 12:32:37.548 +05:30 [INF] Executed action EmployeeManagement.Api.Controllers.EmployeeController.Delete (EmployeeManagement.Api) in 33.5981ms
2025-11-05 12:32:37.550 +05:30 [INF] Executed endpoint 'EmployeeManagement.Api.Controllers.EmployeeController.Delete (EmployeeManagement.Api)'
2025-11-05 12:32:37.551 +05:30 [INF] Handled /api/Employee/3e450892-00ec-425b-9163-b60563a1bab9 in 42.5291 ms - 204
2025-11-05 12:32:37.552 +05:30 [INF] ✅ Completed DELETE /api/Employee/3e450892-00ec-425b-9163-b60563a1bab9 with 204 in 45.097 ms
2025-11-05 12:32:37.554 +05:30 [INF] Request finished HTTP/1.1 DELETE https://localhost:7281/api/Employee/3e450892-00ec-425b-9163-b60563a1bab9 - 204 null null 51.0447ms
2025-11-05 12:32:47.337 +05:30 [INF] Request starting HTTP/1.1 GET https://localhost:7281/api/Employee - null null
2025-11-05 12:32:47.342 +05:30 [INF] ➡️ Handling GET /api/Employee
2025-11-05 12:32:47.343 +05:30 [INF] Executing endpoint 'EmployeeManagement.Api.Controllers.EmployeeController.GetAll (EmployeeManagement.Api)'
2025-11-05 12:32:47.345 +05:30 [INF] Route matched with {action = "GetAll", controller = "Employee"}. Executing controller action with signature System.Threading.Tasks.Task`1[Microsoft.AspNetCore.Mvc.IActionResult] GetAll() on controller EmployeeManagement.Api.Controllers.EmployeeController (EmployeeManagement.Api).
2025-11-05 12:32:47.351 +05:30 [INF] Executing OkObjectResult, writing value of type 'System.Collections.Generic.List`1[[EmployeeManagement.Domain.Models.Employee, EmployeeManagement.Domain, Version=1.0.0.0, Culture=neutral, PublicKeyToken=null]]'.
2025-11-05 12:32:47.353 +05:30 [INF] Executed action EmployeeManagement.Api.Controllers.EmployeeController.GetAll (EmployeeManagement.Api) in 3.8445ms
2025-11-05 12:32:47.357 +05:30 [INF] Executed endpoint 'EmployeeManagement.Api.Controllers.EmployeeController.GetAll (EmployeeManagement.Api)'
2025-11-05 12:32:47.358 +05:30 [INF] Handled /api/Employee in 15.1538 ms - 200
2025-11-05 12:32:47.360 +05:30 [INF] ✅ Completed GET /api/Employee with 200 in 18.293 ms
2025-11-05 12:32:47.362 +05:30 [INF] Request finished HTTP/1.1 GET https://localhost:7281/api/Employee - 200 null application/json; charset=utf-8 25.3689ms
2025-11-05 12:32:51.973 +05:30 [INF] Request starting HTTP/1.1 GET https://localhost:7281/api/Employee/00000000-0000-0000-0000-000000000000 - null null
2025-11-05 12:32:51.981 +05:30 [INF] Authorization failed. These requirements were not met:
DenyAnonymousAuthorizationRequirement: Requires an authenticated user.
2025-11-05 12:32:51.983 +05:30 [INF] AuthenticationScheme: Bearer was challenged.
2025-11-05 12:32:51.986 +05:30 [INF] Request finished HTTP/1.1 GET https://localhost:7281/api/Employee/00000000-0000-0000-0000-000000000000 - 401 0 null 12.3187ms
2025-11-05 12:33:01.509 +05:30 [INF] Request starting HTTP/1.1 GET https://localhost:7281/api/Employee - null null
2025-11-05 12:33:01.513 +05:30 [INF] ➡️ Handling GET /api/Employee
2025-11-05 12:33:01.517 +05:30 [INF] Executing endpoint 'EmployeeManagement.Api.Controllers.EmployeeController.GetAll (EmployeeManagement.Api)'
2025-11-05 12:33:01.518 +05:30 [INF] Route matched with {action = "GetAll", controller = "Employee"}. Executing controller action with signature System.Threading.Tasks.Task`1[Microsoft.AspNetCore.Mvc.IActionResult] GetAll() on controller EmployeeManagement.Api.Controllers.EmployeeController (EmployeeManagement.Api).
2025-11-05 12:33:01.522 +05:30 [INF] Executing OkObjectResult, writing value of type 'System.Collections.Generic.List`1[[EmployeeManagement.Domain.Models.Employee, EmployeeManagement.Domain, Version=1.0.0.0, Culture=neutral, PublicKeyToken=null]]'.
2025-11-05 12:33:01.524 +05:30 [INF] Executed action EmployeeManagement.Api.Controllers.EmployeeController.GetAll (EmployeeManagement.Api) in 2.4092ms
2025-11-05 12:33:01.526 +05:30 [INF] Executed endpoint 'EmployeeManagement.Api.Controllers.EmployeeController.GetAll (EmployeeManagement.Api)'
2025-11-05 12:33:01.527 +05:30 [INF] Handled /api/Employee in 10.7882 ms - 200
2025-11-05 12:33:01.529 +05:30 [INF] ✅ Completed GET /api/Employee with 200 in 16.432 ms
2025-11-05 12:33:01.532 +05:30 [INF] Request finished HTTP/1.1 GET https://localhost:7281/api/Employee - 200 null application/json; charset=utf-8 22.8808ms
2025-11-05 12:33:34.470 +05:30 [INF] Request starting HTTP/1.1 GET https://localhost:7281/api/Employee/379b1fb5-e97d-4737-95d8-0cc13dfec956 - null null
2025-11-05 12:33:34.476 +05:30 [INF] ➡️ Handling GET /api/Employee/379b1fb5-e97d-4737-95d8-0cc13dfec956
2025-11-05 12:33:34.478 +05:30 [INF] Executing endpoint 'EmployeeManagement.Api.Controllers.EmployeeController.GetById (EmployeeManagement.Api)'
2025-11-05 12:33:34.485 +05:30 [INF] Route matched with {action = "GetById", controller = "Employee"}. Executing controller action with signature System.Threading.Tasks.Task`1[Microsoft.AspNetCore.Mvc.IActionResult] GetById(System.Guid) on controller EmployeeManagement.Api.Controllers.EmployeeController (EmployeeManagement.Api).
2025-11-05 12:33:34.490 +05:30 [INF] Executing OkObjectResult, writing value of type 'EmployeeManagement.Domain.Models.Employee'.
2025-11-05 12:33:34.493 +05:30 [INF] Executed action EmployeeManagement.Api.Controllers.EmployeeController.GetById (EmployeeManagement.Api) in 5.1764ms
2025-11-05 12:33:34.494 +05:30 [INF] Executed endpoint 'EmployeeManagement.Api.Controllers.EmployeeController.GetById (EmployeeManagement.Api)'
2025-11-05 12:33:34.495 +05:30 [INF] Handled /api/Employee/379b1fb5-e97d-4737-95d8-0cc13dfec956 in 17.5417 ms - 200
2025-11-05 12:33:34.497 +05:30 [INF] ✅ Completed GET /api/Employee/379b1fb5-e97d-4737-95d8-0cc13dfec956 with 200 in 21.764 ms
2025-11-05 12:33:34.502 +05:30 [INF] Request finished HTTP/1.1 GET https://localhost:7281/api/Employee/379b1fb5-e97d-4737-95d8-0cc13dfec956 - 200 null application/json; charset=utf-8 32.0197ms
2025-11-05 12:33:37.807 +05:30 [INF] Request starting HTTP/1.1 POST https://localhost:7281/api/Employee - application/json 125
2025-11-05 12:33:37.811 +05:30 [INF] ➡️ Handling POST /api/Employee
2025-11-05 12:33:37.812 +05:30 [INF] Executing endpoint 'EmployeeManagement.Api.Controllers.EmployeeController.Create (EmployeeManagement.Api)'
2025-11-05 12:33:37.814 +05:30 [INF] Route matched with {action = "Create", controller = "Employee"}. Executing controller action with signature System.Threading.Tasks.Task`1[Microsoft.AspNetCore.Mvc.IActionResult] Create(EmployeeManagement.Api.Controllers.CreateEmployeeDto) on controller EmployeeManagement.Api.Controllers.EmployeeController (EmployeeManagement.Api).
2025-11-05 12:33:37.817 +05:30 [INF] Saved 1 entities to in-memory store.
2025-11-05 12:33:37.818 +05:30 [INF] Executing CreatedAtActionResult, writing value of type 'EmployeeManagement.Domain.Models.Employee'.
2025-11-05 12:33:37.821 +05:30 [INF] Executed action EmployeeManagement.Api.Controllers.EmployeeController.Create (EmployeeManagement.Api) in 5.3466ms
2025-11-05 12:33:37.822 +05:30 [INF] Executed endpoint 'EmployeeManagement.Api.Controllers.EmployeeController.Create (EmployeeManagement.Api)'
2025-11-05 12:33:37.823 +05:30 [INF] Handled /api/Employee in 10.9345 ms - 201
2025-11-05 12:33:37.825 +05:30 [INF] ✅ Completed POST /api/Employee with 201 in 13.443 ms
2025-11-05 12:33:37.826 +05:30 [INF] Request finished HTTP/1.1 POST https://localhost:7281/api/Employee - 201 null application/json; charset=utf-8 19.7039ms
2025-11-05 12:42:59.066 +05:30 [INF] Saved 2 entities to in-memory store.
2025-11-05 12:42:59.222 +05:30 [INF] User profile is available. Using 'C:\Users\PabbathiGovardhanKum\AppData\Local\ASP.NET\DataProtection-Keys' as key repository and Windows DPAPI to encrypt keys at rest.
2025-11-05 12:42:59.415 +05:30 [INF] Now listening on: https://localhost:7281
2025-11-05 12:42:59.418 +05:30 [INF] Now listening on: http://localhost:5056
2025-11-05 12:42:59.483 +05:30 [INF] Application started. Press Ctrl+C to shut down.
2025-11-05 12:42:59.486 +05:30 [INF] Hosting environment: Development
2025-11-05 12:42:59.487 +05:30 [INF] Content root path: C:\Users\PabbathiGovardhanKum\source\repos\EmployeeManagement\EmployeeManagement.Api
